<?xml version="1.0" encoding="UTF-8"?>
<!-- Generated by org.testng.reporters.JUnitXMLReporter -->
<testsuite hostname="DESKTOP-SI6A323" failures="3" tests="3" name="validate text Test" time="15.258" errors="0" timestamp="30 Sep 2019 05:42:58 GMT">
  <testcase classname="SwdOtomation.testText" name="basePageNavigation" time="0.046">
    <failure type="junit.framework.ComparisonFailure" message="expected:&amp;lt;...123&amp;gt; but was:&amp;lt;...&amp;gt;">
      <![CDATA[junit.framework.ComparisonFailure: expected:<...123> but was:<...>
	at junit.framework.Assert.assertEquals(Assert.java:81)
	at junit.framework.Assert.assertEquals(Assert.java:87)
	at SwdOtomation.testText.basePageNavigation(testText.java:64)
	at org.apache.maven.surefire.testng.TestNGExecutor.run(TestNGExecutor.java:281)
	at org.apache.maven.surefire.testng.TestNGXmlTestSuite.execute(TestNGXmlTestSuite.java:75)
	at org.apache.maven.surefire.testng.TestNGProvider.invoke(TestNGProvider.java:121)
	at org.apache.maven.surefire.booter.ForkedBooter.invokeProviderInSameClassLoader(ForkedBooter.java:290)
	at org.apache.maven.surefire.booter.ForkedBooter.runSuitesInProcess(ForkedBooter.java:242)
	at org.apache.maven.surefire.booter.ForkedBooter.main(ForkedBooter.java:121)
... Removed 21 stack frames]]>
    </failure>
  </testcase> <!-- basePageNavigation -->
  <testcase classname="SwdOtomation.testText" name="headerTest" time="0.034">
    <failure type="junit.framework.ComparisonFailure" message="expected:&amp;lt;aaaa&amp;gt; but was:&amp;lt;AN ACADEMY TO LEARN EVERYTHING ABOUT TESTING&amp;gt;">
      <![CDATA[junit.framework.ComparisonFailure: expected:<aaaa> but was:<AN ACADEMY TO LEARN EVERYTHING ABOUT TESTING>
	at junit.framework.Assert.assertEquals(Assert.java:81)
	at junit.framework.Assert.assertEquals(Assert.java:87)
	at SwdOtomation.testText.headerTest(testText.java:108)
	at org.apache.maven.surefire.testng.TestNGExecutor.run(TestNGExecutor.java:281)
	at org.apache.maven.surefire.testng.TestNGXmlTestSuite.execute(TestNGXmlTestSuite.java:75)
	at org.apache.maven.surefire.testng.TestNGProvider.invoke(TestNGProvider.java:121)
	at org.apache.maven.surefire.booter.ForkedBooter.invokeProviderInSameClassLoader(ForkedBooter.java:290)
	at org.apache.maven.surefire.booter.ForkedBooter.runSuitesInProcess(ForkedBooter.java:242)
	at org.apache.maven.surefire.booter.ForkedBooter.main(ForkedBooter.java:121)
... Removed 21 stack frames]]>
    </failure>
  </testcase> <!-- headerTest -->
  <testcase classname="SwdOtomation.testText" name="headerTest1" time="0.024">
    <failure type="junit.framework.ComparisonFailure" message="expected:&amp;lt;aaaa&amp;gt; but was:&amp;lt;AN ACADEMY TO LEARN EVERYTHING ABOUT TESTING&amp;gt;">
      <![CDATA[junit.framework.ComparisonFailure: expected:<aaaa> but was:<AN ACADEMY TO LEARN EVERYTHING ABOUT TESTING>
	at junit.framework.Assert.assertEquals(Assert.java:81)
	at junit.framework.Assert.assertEquals(Assert.java:87)
	at SwdOtomation.testText.headerTest1(testText.java:151)
	at org.apache.maven.surefire.testng.TestNGExecutor.run(TestNGExecutor.java:281)
	at org.apache.maven.surefire.testng.TestNGXmlTestSuite.execute(TestNGXmlTestSuite.java:75)
	at org.apache.maven.surefire.testng.TestNGProvider.invoke(TestNGProvider.java:121)
	at org.apache.maven.surefire.booter.ForkedBooter.invokeProviderInSameClassLoader(ForkedBooter.java:290)
	at org.apache.maven.surefire.booter.ForkedBooter.runSuitesInProcess(ForkedBooter.java:242)
	at org.apache.maven.surefire.booter.ForkedBooter.main(ForkedBooter.java:121)
... Removed 21 stack frames]]>
    </failure>
  </testcase> <!-- headerTest1 -->
</testsuite> <!-- validate text Test -->
