<?xml version="1.0" encoding="UTF-8"?>
<!-- Generated by org.testng.reporters.JUnitReportReporter -->
<testsuite hostname="DESKTOP-SI6A323" failures="0" tests="6" name="SwdOtomation.testText" time="0.006" errors="1" timestamp="1 Oct 2019 04:47:53 GMT" skipped="5">
  <testcase classname="SwdOtomation.testText" name="initialize" time="0.000">
    <error message="session not created
from chrome not reachable
  (Session info: chrome=77.0.3865.90)
Build info: version: &#039;4.0.0-alpha-2&#039;, revision: &#039;f148142cf8&#039;, time: &#039;2019-07-01T20:55:26&#039;
System info: host: &#039;DESKTOP-SI6A323&#039;, ip: &#039;192.168.1.222&#039;, os.name: &#039;Windows 10&#039;, os.arch: &#039;amd64&#039;, os.version: &#039;10.0&#039;, java.version: &#039;12.0.2&#039;
Driver info: driver.version: ChromeDriver
remote stacktrace: Backtrace:
	Ordinal0 [0x00C9EB13+1501971]
	Ordinal0 [0x00C1F6D1+980689]
	Ordinal0 [0x00BA7508+488712]
	Ordinal0 [0x00BA131A+463642]
	Ordinal0 [0x00BA19C8+465352]
	Ordinal0 [0x00BA2AA5+469669]
	Ordinal0 [0x00B9EC85+453765]
	Ordinal0 [0x00BA8330+492336]
	Ordinal0 [0x00B5A108+172296]
	Ordinal0 [0x00B5942D+169005]
	Ordinal0 [0x00B578EB+162027]
	Ordinal0 [0x00B40AC7+68295]
	Ordinal0 [0x00B41B40+72512]
	Ordinal0 [0x00B41AD9+72409]
	Ordinal0 [0x00C38F37+1085239]
	GetHandleVerifier [0x00D3D7ED+503293]
	GetHandleVerifier [0x00D3D580+502672]
	GetHandleVerifier [0x00D446AC+531644]
	GetHandleVerifier [0x00D3DFFA+505354]
	Ordinal0 [0x00C30606+1050118]
	Ordinal0 [0x00C3047F+1049727]
	Ordinal0 [0x00C3AF9B+1093531]
	Ordinal0 [0x00C3B103+1093891]
	Ordinal0 [0x00C3A095+1089685]
	BaseThreadInitThunk [0x754A6359+25]
	RtlGetAppContainerNamedObjectPath [0x77D07B74+228]
	RtlGetAppContainerNamedObjectPath [0x77D07B44+180]
" type="org.openqa.selenium.SessionNotCreatedException">
      <![CDATA[org.openqa.selenium.SessionNotCreatedException: session not created
from chrome not reachable
  (Session info: chrome=77.0.3865.90)
Build info: version: '4.0.0-alpha-2', revision: 'f148142cf8', time: '2019-07-01T20:55:26'
System info: host: 'DESKTOP-SI6A323', ip: '192.168.1.222', os.name: 'Windows 10', os.arch: 'amd64', os.version: '10.0', java.version: '12.0.2'
Driver info: driver.version: ChromeDriver
remote stacktrace: Backtrace:
	Ordinal0 [0x00C9EB13+1501971]
	Ordinal0 [0x00C1F6D1+980689]
	Ordinal0 [0x00BA7508+488712]
	Ordinal0 [0x00BA131A+463642]
	Ordinal0 [0x00BA19C8+465352]
	Ordinal0 [0x00BA2AA5+469669]
	Ordinal0 [0x00B9EC85+453765]
	Ordinal0 [0x00BA8330+492336]
	Ordinal0 [0x00B5A108+172296]
	Ordinal0 [0x00B5942D+169005]
	Ordinal0 [0x00B578EB+162027]
	Ordinal0 [0x00B40AC7+68295]
	Ordinal0 [0x00B41B40+72512]
	Ordinal0 [0x00B41AD9+72409]
	Ordinal0 [0x00C38F37+1085239]
	GetHandleVerifier [0x00D3D7ED+503293]
	GetHandleVerifier [0x00D3D580+502672]
	GetHandleVerifier [0x00D446AC+531644]
	GetHandleVerifier [0x00D3DFFA+505354]
	Ordinal0 [0x00C30606+1050118]
	Ordinal0 [0x00C3047F+1049727]
	Ordinal0 [0x00C3AF9B+1093531]
	Ordinal0 [0x00C3B103+1093891]
	Ordinal0 [0x00C3A095+1089685]
	BaseThreadInitThunk [0x754A6359+25]
	RtlGetAppContainerNamedObjectPath [0x77D07B74+228]
	RtlGetAppContainerNamedObjectPath [0x77D07B44+180]

	at java.base/jdk.internal.reflect.NativeConstructorAccessorImpl.newInstance0(Native Method)
	at java.base/jdk.internal.reflect.NativeConstructorAccessorImpl.newInstance(NativeConstructorAccessorImpl.java:62)
	at java.base/jdk.internal.reflect.DelegatingConstructorAccessorImpl.newInstance(DelegatingConstructorAccessorImpl.java:45)
	at java.base/java.lang.reflect.Constructor.newInstanceWithCaller(Constructor.java:500)
	at java.base/java.lang.reflect.Constructor.newInstance(Constructor.java:481)
	at org.openqa.selenium.remote.W3CHandshakeResponse.lambda$errorHandler$0(W3CHandshakeResponse.java:62)
	at org.openqa.selenium.remote.HandshakeResponse.lambda$getResponseFunction$0(HandshakeResponse.java:30)
	at org.openqa.selenium.remote.ProtocolHandshake.lambda$createSession$1(ProtocolHandshake.java:127)
	at java.base/java.util.stream.ReferencePipeline$3$1.accept(ReferencePipeline.java:195)
	at java.base/java.util.Spliterators$ArraySpliterator.tryAdvance(Spliterators.java:958)
	at java.base/java.util.stream.ReferencePipeline.forEachWithCancel(ReferencePipeline.java:127)
	at java.base/java.util.stream.AbstractPipeline.copyIntoWithCancel(AbstractPipeline.java:502)
	at java.base/java.util.stream.AbstractPipeline.copyInto(AbstractPipeline.java:488)
	at java.base/java.util.stream.AbstractPipeline.wrapAndCopyInto(AbstractPipeline.java:474)
	at java.base/java.util.stream.FindOps$FindOp.evaluateSequential(FindOps.java:150)
	at java.base/java.util.stream.AbstractPipeline.evaluate(AbstractPipeline.java:234)
	at java.base/java.util.stream.ReferencePipeline.findFirst(ReferencePipeline.java:543)
	at org.openqa.selenium.remote.ProtocolHandshake.createSession(ProtocolHandshake.java:129)
	at org.openqa.selenium.remote.ProtocolHandshake.createSession(ProtocolHandshake.java:75)
	at org.openqa.selenium.remote.HttpCommandExecutor.execute(HttpCommandExecutor.java:139)
	at org.openqa.selenium.remote.service.DriverCommandExecutor.execute(DriverCommandExecutor.java:83)
	at org.openqa.selenium.remote.RemoteWebDriver.execute(RemoteWebDriver.java:576)
	at org.openqa.selenium.remote.RemoteWebDriver.startSession(RemoteWebDriver.java:210)
	at org.openqa.selenium.remote.RemoteWebDriver.<init>(RemoteWebDriver.java:130)
	at org.openqa.selenium.chromium.ChromiumDriver.<init>(ChromiumDriver.java:73)
	at org.openqa.selenium.chrome.ChromeDriver.<init>(ChromeDriver.java:163)
	at org.openqa.selenium.chrome.ChromeDriver.<init>(ChromeDriver.java:150)
	at org.openqa.selenium.chrome.ChromeDriver.<init>(ChromeDriver.java:139)
	at resources.Base.InitializeDriver(Base.java:50)
	at SwdOtomation.testText.initialize(testText.java:28)
	at java.base/jdk.internal.reflect.NativeMethodAccessorImpl.invoke0(Native Method)
	at java.base/jdk.internal.reflect.NativeMethodAccessorImpl.invoke(NativeMethodAccessorImpl.java:62)
	at java.base/jdk.internal.reflect.DelegatingMethodAccessorImpl.invoke(DelegatingMethodAccessorImpl.java:43)
	at java.base/java.lang.reflect.Method.invoke(Method.java:567)
	at org.testng.internal.MethodInvocationHelper.invokeMethod(MethodInvocationHelper.java:100)
	at org.testng.internal.Invoker.invokeConfigurationMethod(Invoker.java:515)
	at org.testng.internal.Invoker.invokeConfigurations(Invoker.java:216)
	at org.testng.internal.Invoker.invokeConfigurations(Invoker.java:143)
	at org.testng.TestRunner.beforeRun(TestRunner.java:631)
	at org.testng.TestRunner.run(TestRunner.java:599)
	at org.testng.SuiteRunner.runTest(SuiteRunner.java:368)
	at org.testng.SuiteRunner.access$000(SuiteRunner.java:39)
	at org.testng.SuiteRunner$SuiteWorker.run(SuiteRunner.java:402)
	at org.testng.internal.thread.ThreadUtil$2.call(ThreadUtil.java:64)
	at java.base/java.util.concurrent.FutureTask.run(FutureTask.java:264)
	at java.base/java.util.concurrent.ThreadPoolExecutor.runWorker(ThreadPoolExecutor.java:1128)
	at java.base/java.util.concurrent.ThreadPoolExecutor$Worker.run(ThreadPoolExecutor.java:628)
	at java.base/java.lang.Thread.run(Thread.java:835)
]]>
    </error>
  </testcase> <!-- initialize -->
  <testcase classname="SwdOtomation.testText" name="basePageNavigation" time="0.001">
    <skipped/>
  </testcase> <!-- basePageNavigation -->
  <testcase classname="SwdOtomation.testText" name="headerTest3" time="0.002">
    <skipped/>
  </testcase> <!-- headerTest3 -->
  <testcase classname="SwdOtomation.testText" name="headerTest2" time="0.001">
    <skipped/>
  </testcase> <!-- headerTest2 -->
  <testcase classname="SwdOtomation.testText" name="headerTest" time="0.001">
    <skipped/>
  </testcase> <!-- headerTest -->
  <testcase classname="SwdOtomation.testText" name="headerTest1" time="0.001">
    <skipped/>
  </testcase> <!-- headerTest1 -->
</testsuite> <!-- SwdOtomation.testText -->
